This is pdfTeX, Version 3.14159265-2.6-1.40.21 (TeX Live 2020) (preloaded format=pdflatex 2020.11.10)  24 JAN 2021 16:24
entering extended mode
 restricted \write18 enabled.
 %&-line parsing enabled.
**report.tex
(./report.tex
LaTeX2e <2020-02-02> patch level 5
L3 programming layer <2020-04-06>
(/usr/share/texlive/texmf-dist/tex/latex/base/report.cls
Document Class: report 2019/12/20 v1.4l Standard LaTeX document class
(/usr/share/texlive/texmf-dist/tex/latex/base/size11.clo
File: size11.clo 2019/12/20 v1.4l Standard LaTeX file (size option)
)
\c@part=\count167
\c@chapter=\count168
\c@section=\count169
\c@subsection=\count170
\c@subsubsection=\count171
\c@paragraph=\count172
\c@subparagraph=\count173
\c@figure=\count174
\c@table=\count175
\abovecaptionskip=\skip47
\belowcaptionskip=\skip48
\bibindent=\dimen134
)
(/usr/share/texlive/texmf-dist/tex/generic/babel/babel.sty
Package: babel 2020/03/22 3.42 The Babel package

(/usr/share/texlive/texmf-dist/tex/generic/babel/switch.def
File: switch.def 2020/03/22 3.42 Babel switching mechanism
)
(/usr/share/texlive/texmf-dist/tex/generic/babel-portuges/portuges.ldf
Language: portuges 2008/03/18 v1.2q Portuguese support from the babel system

(/usr/share/texlive/texmf-dist/tex/generic/babel/babel.def
File: babel.def 2020/03/22 3.42 Babel common definitions
\babel@savecnt=\count176
\U@D=\dimen135

(/usr/share/texlive/texmf-dist/tex/generic/babel/txtbabel.def)
\bbl@readstream=\read2
\bbl@dirlevel=\count177
)
Package babel Info: Making " an active character on input line 145.
))
(/usr/share/texlive/texmf-dist/tex/latex/graphics/graphicx.sty
Package: graphicx 2019/11/30 v1.2a Enhanced LaTeX Graphics (DPC,SPQR)

(/usr/share/texlive/texmf-dist/tex/latex/graphics/keyval.sty
Package: keyval 2014/10/28 v1.15 key=value parser (DPC)
\KV@toks@=\toks15
)
(/usr/share/texlive/texmf-dist/tex/latex/graphics/graphics.sty
Package: graphics 2019/11/30 v1.4a Standard LaTeX Graphics (DPC,SPQR)

(/usr/share/texlive/texmf-dist/tex/latex/graphics/trig.sty
Package: trig 2016/01/03 v1.10 sin cos tan (DPC)
)
(/usr/share/texlive/texmf-dist/tex/latex/graphics-cfg/graphics.cfg
File: graphics.cfg 2016/06/04 v1.11 sample graphics configuration
)
Package graphics Info: Driver file: pdftex.def on input line 105.

(/usr/share/texlive/texmf-dist/tex/latex/graphics-def/pdftex.def
File: pdftex.def 2018/01/08 v1.0l Graphics/color driver for pdftex
))
\Gin@req@height=\dimen136
\Gin@req@width=\dimen137
)
(/usr/share/texlive/texmf-dist/tex/latex/float/float.sty
Package: float 2001/11/08 v1.3d Float enhancements (AL)
\c@float@type=\count178
\float@exts=\toks16
\float@box=\box45
\@float@everytoks=\toks17
\@floatcapt=\box46
)
(/usr/share/texlive/texmf-dist/tex/latex/tools/indentfirst.sty
Package: indentfirst 1995/11/23 v1.03 Indent first paragraph (DPC)
)
(/usr/share/texlive/texmf-dist/tex/latex/hyphenat/hyphenat.sty
Package: hyphenat 2009/09/02 v2.3c hyphenation utilities
\langwohyphens=\language4
LaTeX Info: Redefining \_ on input line 43.
)
(/usr/share/texlive/texmf-dist/tex/latex/caption/subcaption.sty
Package: subcaption 2020/01/22 v1.3d Sub-captions (AR)

(/usr/share/texlive/texmf-dist/tex/latex/caption/caption.sty
Package: caption 2020/01/03 v3.4h Customizing captions (AR)

(/usr/share/texlive/texmf-dist/tex/latex/caption/caption3.sty
Package: caption3 2020/01/03 v1.8h caption3 kernel (AR)
Package caption3 Info: TeX engine: e-TeX on input line 61.
\captionmargin=\dimen138
\captionmargin@=\dimen139
\captionwidth=\dimen140
\caption@tempdima=\dimen141
\caption@indent=\dimen142
\caption@parindent=\dimen143
\caption@hangindent=\dimen144
Package caption Info: Standard document class detected.
)
\c@caption@flags=\count179
\c@continuedfloat=\count180
Package caption Info: float package is loaded.
)
\c@subfigure=\count181
\c@subtable=\count182
)
(/usr/share/texlive/texmf-dist/tex/latex/listings/listings.sty
\lst@mode=\count183
\lst@gtempboxa=\box47
\lst@token=\toks18
\lst@length=\count184
\lst@currlwidth=\dimen145
\lst@column=\count185
\lst@pos=\count186
\lst@lostspace=\dimen146
\lst@width=\dimen147
\lst@newlines=\count187
\lst@lineno=\count188
\lst@maxwidth=\dimen148

(/usr/share/texlive/texmf-dist/tex/latex/listings/lstmisc.sty
File: lstmisc.sty 2020/03/24 1.8d (Carsten Heinz)
\c@lstnumber=\count189
\lst@skipnumbers=\count190
\lst@framebox=\box48
)
(/usr/share/texlive/texmf-dist/tex/latex/listings/listings.cfg
File: listings.cfg 2020/03/24 1.8d listings configuration
))
Package: listings 2020/03/24 1.8d (Carsten Heinz)

(/usr/share/texlive/texmf-dist/tex/latex/geometry/geometry.sty
Package: geometry 2020/01/02 v5.9 Page Geometry

(/usr/share/texlive/texmf-dist/tex/generic/iftex/ifvtex.sty
Package: ifvtex 2019/10/25 v1.7 ifvtex legacy package. Use iftex instead.

(/usr/share/texlive/texmf-dist/tex/generic/iftex/iftex.sty
Package: iftex 2020/03/06 v1.0d TeX engine tests
))
\Gm@cnth=\count191
\Gm@cntv=\count192
\c@Gm@tempcnt=\count193
\Gm@bindingoffset=\dimen149
\Gm@wd@mp=\dimen150
\Gm@odd@mp=\dimen151
\Gm@even@mp=\dimen152
\Gm@layoutwidth=\dimen153
\Gm@layoutheight=\dimen154
\Gm@layouthoffset=\dimen155
\Gm@layoutvoffset=\dimen156
\Gm@dimlist=\toks19
)
(/usr/share/texlive/texmf-dist/tex/latex/hyperref/hyperref.sty
Package: hyperref 2020/01/14 v7.00d Hypertext links for LaTeX

(/usr/share/texlive/texmf-dist/tex/generic/ltxcmds/ltxcmds.sty
Package: ltxcmds 2019/12/15 v1.24 LaTeX kernel commands for general use (HO)
)
(/usr/share/texlive/texmf-dist/tex/latex/pdftexcmds/pdftexcmds.sty
Package: pdftexcmds 2019/11/24 v0.31 Utility functions of pdfTeX for LuaTeX (HO
)

(/usr/share/texlive/texmf-dist/tex/generic/infwarerr/infwarerr.sty
Package: infwarerr 2019/12/03 v1.5 Providing info/warning/error messages (HO)
)
Package pdftexcmds Info: \pdf@primitive is available.
Package pdftexcmds Info: \pdf@ifprimitive is available.
Package pdftexcmds Info: \pdfdraftmode found.
)
(/usr/share/texlive/texmf-dist/tex/generic/kvsetkeys/kvsetkeys.sty
Package: kvsetkeys 2019/12/15 v1.18 Key value parser (HO)
)
(/usr/share/texlive/texmf-dist/tex/generic/kvdefinekeys/kvdefinekeys.sty
Package: kvdefinekeys 2019-12-19 v1.6 Define keys (HO)
)
(/usr/share/texlive/texmf-dist/tex/generic/pdfescape/pdfescape.sty
Package: pdfescape 2019/12/09 v1.15 Implements pdfTeX's escape features (HO)
)
(/usr/share/texlive/texmf-dist/tex/latex/hycolor/hycolor.sty
Package: hycolor 2020-01-27 v1.10 Color options for hyperref/bookmark (HO)
)
(/usr/share/texlive/texmf-dist/tex/latex/letltxmacro/letltxmacro.sty
Package: letltxmacro 2019/12/03 v1.6 Let assignment for LaTeX macros (HO)
)
(/usr/share/texlive/texmf-dist/tex/latex/auxhook/auxhook.sty
Package: auxhook 2019-12-17 v1.6 Hooks for auxiliary files (HO)
)
(/usr/share/texlive/texmf-dist/tex/latex/kvoptions/kvoptions.sty
Package: kvoptions 2019/11/29 v3.13 Key value format for package options (HO)
)
\@linkdim=\dimen157
\Hy@linkcounter=\count194
\Hy@pagecounter=\count195

(/usr/share/texlive/texmf-dist/tex/latex/hyperref/pd1enc.def
File: pd1enc.def 2020/01/14 v7.00d Hyperref: PDFDocEncoding definition (HO)
Now handling font encoding PD1 ...
... no UTF-8 mapping file for font encoding PD1
)
(/usr/share/texlive/texmf-dist/tex/generic/intcalc/intcalc.sty
Package: intcalc 2019/12/15 v1.3 Expandable calculations with integers (HO)
)
(/usr/share/texlive/texmf-dist/tex/generic/etexcmds/etexcmds.sty
Package: etexcmds 2019/12/15 v1.7 Avoid name clashes with e-TeX commands (HO)
)
\Hy@SavedSpaceFactor=\count196
Package hyperref Info: Option `colorlinks' set `true' on input line 4421.
Package hyperref Info: Option `bookmarksopen' set `true' on input line 4421.
Package hyperref Info: Hyper figures OFF on input line 4547.
Package hyperref Info: Link nesting OFF on input line 4552.
Package hyperref Info: Hyper index ON on input line 4555.
Package hyperref Info: Plain pages OFF on input line 4562.
Package hyperref Info: Backreferencing OFF on input line 4567.
Package hyperref Info: Implicit mode ON; LaTeX internals redefined.
Package hyperref Info: Bookmarks ON on input line 4800.
\c@Hy@tempcnt=\count197

(/usr/share/texlive/texmf-dist/tex/latex/url/url.sty
\Urlmuskip=\muskip16
Package: url 2013/09/16  ver 3.4  Verb mode for urls, etc.
)
LaTeX Info: Redefining \url on input line 5159.
\XeTeXLinkMargin=\dimen158

(/usr/share/texlive/texmf-dist/tex/generic/bitset/bitset.sty
Package: bitset 2019/12/09 v1.3 Handle bit-vector datatype (HO)

(/usr/share/texlive/texmf-dist/tex/generic/bigintcalc/bigintcalc.sty
Package: bigintcalc 2019/12/15 v1.5 Expandable calculations on big integers (HO
)
))
\Fld@menulength=\count198
\Field@Width=\dimen159
\Fld@charsize=\dimen160
Package hyperref Info: Hyper figures OFF on input line 6430.
Package hyperref Info: Link nesting OFF on input line 6435.
Package hyperref Info: Hyper index ON on input line 6438.
Package hyperref Info: backreferencing OFF on input line 6445.
Package hyperref Info: Link coloring ON on input line 6448.
Package hyperref Info: Link coloring with OCG OFF on input line 6455.
Package hyperref Info: PDF/A mode OFF on input line 6460.
LaTeX Info: Redefining \ref on input line 6500.
LaTeX Info: Redefining \pageref on input line 6504.

(/usr/share/texlive/texmf-dist/tex/generic/atbegshi/atbegshi.sty
Package: atbegshi 2019/12/05 v1.19 At begin shipout hook (HO)
)
\Hy@abspage=\count199
\c@Item=\count266
\c@Hfootnote=\count267
)
Package hyperref Info: Driver (autodetected): hpdftex.

(/usr/share/texlive/texmf-dist/tex/latex/hyperref/hpdftex.def
File: hpdftex.def 2020/01/14 v7.00d Hyperref driver for pdfTeX

(/usr/share/texlive/texmf-dist/tex/latex/atveryend/atveryend.sty
Package: atveryend 2019-12-11 v1.11 Hooks at the very end of document (HO)
Package atveryend Info: \enddocument detected (standard20110627).
)
\Fld@listcount=\count268
\c@bookmark@seq@number=\count269

(/usr/share/texlive/texmf-dist/tex/latex/rerunfilecheck/rerunfilecheck.sty
Package: rerunfilecheck 2019/12/05 v1.9 Rerun checks for auxiliary files (HO)

(/usr/share/texlive/texmf-dist/tex/generic/uniquecounter/uniquecounter.sty
Package: uniquecounter 2019/12/15 v1.4 Provide unlimited unique counter (HO)
)
Package uniquecounter Info: New unique counter `rerunfilecheck' on input line 2
86.
)
\Hy@SectionHShift=\skip49
)
(/usr/share/texlive/texmf-dist/tex/latex/bookmark/bookmark.sty
Package: bookmark 2019/12/03 v1.28 PDF bookmarks (HO)

(/usr/share/texlive/texmf-dist/tex/latex/bookmark/bkm-pdftex.def
File: bkm-pdftex.def 2019/12/03 v1.28 bookmark driver for pdfTeX (HO)
\BKM@id=\count270
))
(/usr/share/texlive/texmf-dist/tex/latex/fancyhdr/fancyhdr.sty
Package: fancyhdr 2019/01/31 v3.10 Extensive control of page headers and footer
s
\f@nch@headwidth=\skip50
\f@nch@O@elh=\skip51
\f@nch@O@erh=\skip52
\f@nch@O@olh=\skip53
\f@nch@O@orh=\skip54
\f@nch@O@elf=\skip55
\f@nch@O@erf=\skip56
\f@nch@O@olf=\skip57
\f@nch@O@orf=\skip58
)
\@indexfile=\write3
\openout3 = `report.idx'.


Writing index file report.idx
(/usr/share/texlive/texmf-dist/tex/latex/tools/tabularx.sty
Package: tabularx 2020/01/15 v2.11c `tabularx' package (DPC)

(/usr/share/texlive/texmf-dist/tex/latex/tools/array.sty
Package: array 2019/08/31 v2.4l Tabular extension package (FMi)
\col@sep=\dimen161
\ar@mcellbox=\box49
\extrarowheight=\dimen162
\NC@list=\toks20
\extratabsurround=\skip59
\backup@length=\skip60
\ar@cellbox=\box50
)
\TX@col@width=\dimen163
\TX@old@table=\dimen164
\TX@old@col=\dimen165
\TX@target=\dimen166
\TX@delta=\dimen167
\TX@cols=\count271
\TX@ftn=\toks21
)
(/usr/share/texlive/texmf-dist/tex/latex/l3backend/l3backend-pdfmode.def
File: l3backend-pdfmode.def 2020-03-12 L3 backend support: PDF mode
\l__kernel_color_stack_int=\count272
\l__pdf_internal_box=\box51
)
(./report.aux)
\openout1 = `report.aux'.

LaTeX Font Info:    Checking defaults for OML/cmm/m/it on input line 24.
LaTeX Font Info:    ... okay on input line 24.
LaTeX Font Info:    Checking defaults for OMS/cmsy/m/n on input line 24.
LaTeX Font Info:    ... okay on input line 24.
LaTeX Font Info:    Checking defaults for OT1/cmr/m/n on input line 24.
LaTeX Font Info:    ... okay on input line 24.
LaTeX Font Info:    Checking defaults for T1/cmr/m/n on input line 24.
LaTeX Font Info:    ... okay on input line 24.
LaTeX Font Info:    Checking defaults for TS1/cmr/m/n on input line 24.
LaTeX Font Info:    ... okay on input line 24.
LaTeX Font Info:    Checking defaults for OMX/cmex/m/n on input line 24.
LaTeX Font Info:    ... okay on input line 24.
LaTeX Font Info:    Checking defaults for U/cmr/m/n on input line 24.
LaTeX Font Info:    ... okay on input line 24.
LaTeX Font Info:    Checking defaults for PD1/pdf/m/n on input line 24.
LaTeX Font Info:    ... okay on input line 24.

(/usr/share/texlive/texmf-dist/tex/context/base/mkii/supp-pdf.mkii
[Loading MPS to PDF converter (version 2006.09.02).]
\scratchcounter=\count273
\scratchdimen=\dimen168
\scratchbox=\box52
\nofMPsegments=\count274
\nofMParguments=\count275
\everyMPshowfont=\toks22
\MPscratchCnt=\count276
\MPscratchDim=\dimen169
\MPnumerator=\count277
\makeMPintoPDFobject=\count278
\everyMPtoPDFconversion=\toks23
) (/usr/share/texlive/texmf-dist/tex/latex/epstopdf-pkg/epstopdf-base.sty
Package: epstopdf-base 2020-01-24 v2.11 Base part for package epstopdf
Package epstopdf-base Info: Redefining graphics rule for `.eps' on input line 4
85.

(/usr/share/texlive/texmf-dist/tex/latex/latexconfig/epstopdf-sys.cfg
File: epstopdf-sys.cfg 2010/07/13 v1.3 Configuration of (r)epstopdf for TeX Liv
e
))
Package caption Info: Begin \AtBeginDocument code.
Package caption Info: hyperref package is loaded.
Package caption Info: listings package is loaded.
Package caption Info: End \AtBeginDocument code.
\c@lstlisting=\count279

*geometry* driver: auto-detecting
*geometry* detected driver: pdftex
*geometry* verbose mode - [ preamble ] result:
* driver: pdftex
* paper: a4paper
* layout: <same size as paper>
* layoutoffset:(h,v)=(0.0pt,0.0pt)
* modes: twoside 
* h-part:(L,W,R)=(71.13188pt, 455.24411pt, 71.13188pt)
* v-part:(T,H,B)=(71.13188pt, 702.78308pt, 71.13188pt)
* \paperwidth=597.50787pt
* \paperheight=845.04684pt
* \textwidth=455.24411pt
* \textheight=702.78308pt
* \oddsidemargin=-1.1381pt
* \evensidemargin=-1.1381pt
* \topmargin=-38.1381pt
* \headheight=12.0pt
* \headsep=25.0pt
* \topskip=11.0pt
* \footskip=30.0pt
* \marginparwidth=103.0pt
* \marginparsep=10.0pt
* \columnsep=10.0pt
* \skip\footins=10.0pt plus 4.0pt minus 2.0pt
* \hoffset=0.0pt
* \voffset=0.0pt
* \mag=1000
* \@twocolumnfalse
* \@twosidetrue
* \@mparswitchtrue
* \@reversemarginfalse
* (1in=72.27pt=25.4mm, 1cm=28.453pt)

\AtBeginShipoutBox=\box53
(/usr/share/texlive/texmf-dist/tex/latex/graphics/color.sty
Package: color 2019/11/23 v1.2a Standard LaTeX Color (DPC)

(/usr/share/texlive/texmf-dist/tex/latex/graphics-cfg/color.cfg
File: color.cfg 2016/01/02 v1.6 sample color configuration
)
Package color Info: Driver file: pdftex.def on input line 147.
)
Package hyperref Info: Link coloring ON on input line 24.

(/usr/share/texlive/texmf-dist/tex/latex/hyperref/nameref.sty
Package: nameref 2019/09/16 v2.46 Cross-referencing by name of section

(/usr/share/texlive/texmf-dist/tex/latex/refcount/refcount.sty
Package: refcount 2019/12/15 v3.6 Data extraction from label references (HO)
)
(/usr/share/texlive/texmf-dist/tex/generic/gettitlestring/gettitlestring.sty
Package: gettitlestring 2019/12/15 v1.6 Cleanup title references (HO)
)
\c@section@level=\count280
)
LaTeX Info: Redefining \ref on input line 24.
LaTeX Info: Redefining \pageref on input line 24.
LaTeX Info: Redefining \nameref on input line 24.
<image/ESTGA.png, id=4, 513.92pt x 342.27875pt>
File: image/ESTGA.png Graphic file (type png)
<use image/ESTGA.png>
Package pdftex.def Info: image/ESTGA.png  used on input line 31.
(pdftex.def)             Requested size: 199.16928pt x 132.65253pt.

[1

{/usr/share/texlive/texmf-dist/fonts/map/pdftex/updmap/pdftex.map} <./image/EST
GA.png>] (./report.toc
LaTeX Font Info:    External font `cmex10' loaded for size
(Font)              <7> on input line 3.
LaTeX Font Info:    External font `cmex10' loaded for size
(Font)              <5> on input line 3.
 [1

])
\tf@toc=\write4
\openout4 = `report.toc'.



Package Fancyhdr Warning: \headheight is too small (12.0pt): 
Make it at least 13.59999pt.
We now make it that large for the rest of the document.
This may cause the page layout to be inconsistent, however.

pdfTeX warning (ext4): destination with the same identifier (name{page.i}) has 
been already used, duplicate ignored
<to be read again> 
                   \relax 
l.66 \listoffigures
                    [1] (./report.lof
LaTeX Font Info:    External font `cmex10' loaded for size
(Font)              <10.95> on input line 5.
LaTeX Font Info:    External font `cmex10' loaded for size
(Font)              <8> on input line 5.
LaTeX Font Info:    External font `cmex10' loaded for size
(Font)              <6> on input line 5.
)
\tf@lof=\write5
\openout5 = `report.lof'.

 [2

] [3]
Cap\'{\i }tulo 1.
pdfTeX warning (ext4): destination with the same identifier (name{page.1}) has 
been already used, duplicate ignored
<to be read again> 
                   \relax 
l.116 
       [1

] [2] [3]
Cap\'{\i }tulo 2.

Overfull \hbox (17.0pt too wide) in paragraph at lines 212--213
[][] 
 []


Overfull \hbox (17.0pt too wide) in paragraph at lines 232--233
[][] 
 []

[4

]
Overfull \hbox (17.0pt too wide) in paragraph at lines 254--255
[][] 
 []


Overfull \hbox (17.0pt too wide) in paragraph at lines 276--277
[][] 
 []


Overfull \hbox (17.0pt too wide) in paragraph at lines 295--296
[][] 
 []


Overfull \hbox (17.0pt too wide) in paragraph at lines 313--314
[][] 
 []


Overfull \hbox (17.0pt too wide) in paragraph at lines 328--329
[][] 
 []

[5]
Overfull \hbox (17.0pt too wide) in paragraph at lines 347--348
[][] 
 []

[6]
Cap\'{\i }tulo 3.
<image/Medico.pdf, id=254, 845.1575pt x 597.23125pt>
File: image/Medico.pdf Graphic file (type pdf)
<use image/Medico.pdf>
Package pdftex.def Info: image/Medico.pdf  used on input line 355.
(pdftex.def)             Requested size: 432.48051pt x 305.62279pt.
[7

 <./image/Medico.pdf, page is rotated 90 degrees>]
Underfull \vbox (badness 10000) has occurred while \output is active []

 [8]
<image/Atividades/Validar Credenciais.png, id=268, 634.62094pt x 101.62968pt>
File: image/Atividades/Validar Credenciais.png Graphic file (type png)
<use image/Atividades/Validar Credenciais.png>
Package pdftex.def Info: image/Atividades/Validar Credenciais.png  used on inpu
t line 436.
(pdftex.def)             Requested size: 318.66948pt x 51.03336pt.

Underfull \vbox (badness 10000) has occurred while \output is active []

 [9 <./image/Atividades/Validar Credenciais.png>]
<image/Atividades/Registar Profissional.png, id=274, 395.97937pt x 525.46312pt>

File: image/Atividades/Registar Profissional.png Graphic file (type png)
<use image/Atividades/Registar Profissional.png>
Package pdftex.def Info: image/Atividades/Registar Profissional.png  used on in
put line 486.
(pdftex.def)             Requested size: 273.14923pt x 362.47372pt.

Underfull \vbox (badness 10000) has occurred while \output is active []

 [10 <./image/Atividades/Registar Profissional.png>]
<image/Atividades/Introduzir novo utente.png, id=280, 721.19438pt x 100.87688pt
>
File: image/Atividades/Introduzir novo utente.png Graphic file (type png)
<use image/Atividades/Introduzir novo utente.png>
Package pdftex.def Info: image/Atividades/Introduzir novo utente.png  used on i
nput line 531.
(pdftex.def)             Requested size: 318.66948pt x 44.57375pt.

Underfull \vbox (badness 10000) has occurred while \output is active []

 [11 <./image/Atividades/Introduzir novo utente.png>]

pdfTeX warning: /usr/bin/pdflatex (file ./image/Atividades/AlterarFichaUtente.p
df): PDF inclusion: found PDF version <1.7>, but at most version <1.5> allowed
<image/Atividades/AlterarFichaUtente.pdf, id=286, 640.64343pt x 89.58469pt>
File: image/Atividades/AlterarFichaUtente.pdf Graphic file (type pdf)
<use image/Atividades/AlterarFichaUtente.pdf>
Package pdftex.def Info: image/Atividades/AlterarFichaUtente.pdf  used on input
 line 573.
(pdftex.def)             Requested size: 318.66948pt x 44.5612pt.

Underfull \vbox (badness 3343) has occurred while \output is active []

 [12 <./image/Atividades/AlterarFichaUtente.pdf>]
<image/Atividades/Agendamento de consultas.png, id=292, 593.8185pt x 92.14426pt
>
File: image/Atividades/Agendamento de consultas.png Graphic file (type png)
<use image/Atividades/Agendamento de consultas.png>
Package pdftex.def Info: image/Atividades/Agendamento de consultas.png  used on
 input line 615.
(pdftex.def)             Requested size: 318.66948pt x 49.44781pt.


pdfTeX warning: /usr/bin/pdflatex (file ./image/Atividades/Justificação.pdf):
 PDF inclusion: found PDF version <1.7>, but at most version <1.5> allowed
<image/Atividades/Justificação.pdf, id=293, 550.30594pt x 108.405pt>
File: image/Atividades/Justificação.pdf Graphic file (type pdf)
<use image/Atividades/Justificação.pdf>
Package pdftex.def Info: image/Atividades/Justificação.pdf  used on input lin
e 658.
(pdftex.def)             Requested size: 318.66948pt x 62.77734pt.

Underfull \vbox (badness 10000) has occurred while \output is active []

 [13 <./image/Atividades/Agendamento de consultas.png>]
<image/Atividades/Criar receita.png, id=298, 620.3175pt x 114.4275pt>
File: image/Atividades/Criar receita.png Graphic file (type png)
<use image/Atividades/Criar receita.png>
Package pdftex.def Info: image/Atividades/Criar receita.png  used on input line
 702.
(pdftex.def)             Requested size: 318.66948pt x 58.78328pt.
 [14 <./image/Atividades/Justificação.pdf> <./image/Atividades/Criar receita.
png>]

pdfTeX warning: /usr/bin/pdflatex (file ./image/Atividades/AlterarRelatório.pd
f): PDF inclusion: found PDF version <1.7>, but at most version <1.5> allowed
<image/Atividades/AlterarRelatório.pdf, id=306, 660.21657pt x 143.03438pt>
File: image/Atividades/AlterarRelatório.pdf Graphic file (type pdf)
<use image/Atividades/AlterarRelatório.pdf>
Package pdftex.def Info: image/Atividades/AlterarRelatório.pdf  used on input 
line 746.
(pdftex.def)             Requested size: 318.66948pt x 69.03983pt.

Underfull \vbox (badness 10000) has occurred while \output is active []

 [15 <./image/Atividades/AlterarRelatório.pdf>]
<image/Atividades/Consultar relatório.png, id=313, 370.986pt x 133.6995pt>
File: image/Atividades/Consultar relatório.png Graphic file (type png)
<use image/Atividades/Consultar relatório.png>
Package pdftex.def Info: image/Atividades/Consultar relatório.png  used on inp
ut line 788.
(pdftex.def)             Requested size: 318.66948pt x 114.84874pt.


pdfTeX warning: /usr/bin/pdflatex (file ./image/Atividades/ConsultarFicha.pdf):
 PDF inclusion: found PDF version <1.7>, but at most version <1.5> allowed
<image/Atividades/ConsultarFicha.pdf, id=314, 753.5653pt x 149.05687pt>
File: image/Atividades/ConsultarFicha.pdf Graphic file (type pdf)
<use image/Atividades/ConsultarFicha.pdf>
Package pdftex.def Info: image/Atividades/ConsultarFicha.pdf  used on input lin
e 831.
(pdftex.def)             Requested size: 318.66948pt x 63.03331pt.

Underfull \vbox (badness 3439) has occurred while \output is active []

 [16 <./image/Atividades/Consultar relatório.png>]

pdfTeX warning: /usr/bin/pdflatex (file ./image/Atividades/AdicionarExame.pdf):
 PDF inclusion: found PDF version <1.7>, but at most version <1.5> allowed
<image/Atividades/AdicionarExame.pdf, id=319, 587.19376pt x 129.48375pt>
File: image/Atividades/AdicionarExame.pdf Graphic file (type pdf)
<use image/Atividades/AdicionarExame.pdf>
Package pdftex.def Info: image/Atividades/AdicionarExame.pdf  used on input lin
e 880.
(pdftex.def)             Requested size: 318.66948pt x 70.26988pt.

Underfull \vbox (badness 1127) has occurred while \output is active []

 [17 <./image/Atividades/ConsultarFicha.pdf> <./image/Atividades/AdicionarExame
.pdf>]
<image/Atividades/Administrar medicação.png, id=326, 560.0925pt x 146.79843pt
>
File: image/Atividades/Administrar medicação.png Graphic file (type png)
<use image/Atividades/Administrar medicação.png>
Package pdftex.def Info: image/Atividades/Administrar medicação.png  used on 
input line 923.
(pdftex.def)             Requested size: 318.66948pt x 83.5259pt.
<image/CoberturaRequisitos2.png, id=327, 1232.605pt x 1710.39pt>
File: image/CoberturaRequisitos2.png Graphic file (type png)
<use image/CoberturaRequisitos2.png>
Package pdftex.def Info: image/CoberturaRequisitos2.png  used on input line 933
.
(pdftex.def)             Requested size: 409.71692pt x 568.52791pt.

Underfull \vbox (badness 10000) has occurred while \output is active []

 [18 <./image/Atividades/Administrar medicação.png>] [19 <./image/CoberturaRe
quisitos2.png (PNG copy)>]
Cap\'{\i }tulo 4.
<image/DiagramaCLasses.png, id=337, 575.90157pt x 487.06969pt>
File: image/DiagramaCLasses.png Graphic file (type png)
<use image/DiagramaCLasses.png>
Package pdftex.def Info: image/DiagramaCLasses.png  used on input line 943.
(pdftex.def)             Requested size: 432.48051pt x 365.78444pt.
[20

 <./image/DiagramaCLasses.png>] [21]
Cap\'{\i }tulo 5.
[22

]
Cap\'{\i }tulo 6.
<image/SequencialDiagramsImages/Validar_credenciais.png, id=356, 779.91376pt x 
430.60875pt>
File: image/SequencialDiagramsImages/Validar_credenciais.png Graphic file (type
 png)
<use image/SequencialDiagramsImages/Validar_credenciais.png>
Package pdftex.def Info: image/SequencialDiagramsImages/Validar_credenciais.png
  used on input line 995.
(pdftex.def)             Requested size: 318.66948pt x 175.93965pt.
<image/SequencialDiagramsImages/Registar_pessoal.png, id=357, 810.02625pt x 593
.96906pt>
File: image/SequencialDiagramsImages/Registar_pessoal.png Graphic file (type pn
g)
<use image/SequencialDiagramsImages/Registar_pessoal.png>
Package pdftex.def Info: image/SequencialDiagramsImages/Registar_pessoal.png  u
sed on input line 1007.
(pdftex.def)             Requested size: 318.66948pt x 233.67715pt.

Underfull \vbox (badness 10000) has occurred while \output is active []

 [23

 <./image/SequencialDiagramsImages/Validar_credenciais.png>]
<image/SequencialDiagramsImages/Introduzir_novo_utente.png, id=362, 809.27344pt
 x 657.95813pt>
File: image/SequencialDiagramsImages/Introduzir_novo_utente.png Graphic file (t
ype png)
<use image/SequencialDiagramsImages/Introduzir_novo_utente.png>
Package pdftex.def Info: image/SequencialDiagramsImages/Introduzir_novo_utente.
png  used on input line 1019.
(pdftex.def)             Requested size: 318.66948pt x 259.09247pt.
 [24 <./image/SequencialDiagramsImages/Registar_pessoal.png> <./image/Sequencia
lDiagramsImages/Introduzir_novo_utente.png>]
<image/SequencialDiagramsImages/Alterar_ficha_utente.png, id=367, 725.71124pt x
 334.24875pt>
File: image/SequencialDiagramsImages/Alterar_ficha_utente.png Graphic file (typ
e png)
<use image/SequencialDiagramsImages/Alterar_ficha_utente.png>
Package pdftex.def Info: image/SequencialDiagramsImages/Alterar_ficha_utente.pn
g  used on input line 1031.
(pdftex.def)             Requested size: 318.66948pt x 146.77408pt.
<image/SequencialDiagramsImages/Agendamento_consultas.png, id=368, 705.38531pt 
x 480.29437pt>
File: image/SequencialDiagramsImages/Agendamento_consultas.png Graphic file (ty
pe png)
<use image/SequencialDiagramsImages/Agendamento_consultas.png>
Package pdftex.def Info: image/SequencialDiagramsImages/Agendamento_consultas.p
ng  used on input line 1043.
(pdftex.def)             Requested size: 318.66948pt x 216.98059pt.
<image/SequencialDiagramsImages/Passar_justificação.png, id=369, 810.02625pt 
x 392.21532pt>
File: image/SequencialDiagramsImages/Passar_justificação.png Graphic file (ty
pe png)
<use image/SequencialDiagramsImages/Passar_justificação.png>
Package pdftex.def Info: image/SequencialDiagramsImages/Passar_justificação.p
ng  used on input line 1055.
(pdftex.def)             Requested size: 318.66948pt x 154.30392pt.

Underfull \vbox (badness 3209) has occurred while \output is active []

 [25 <./image/SequencialDiagramsImages/Alterar_ficha_utente.png> <./image/Seque
ncialDiagramsImages/Agendamento_consultas.png>]
<image/SequencialDiagramsImages/CriarReceita.png, id=374, 847.66687pt x 626.34p
t>
File: image/SequencialDiagramsImages/CriarReceita.png Graphic file (type png)
<use image/SequencialDiagramsImages/CriarReceita.png>
Package pdftex.def Info: image/SequencialDiagramsImages/CriarReceita.png  used 
on input line 1067.
(pdftex.def)             Requested size: 318.66948pt x 235.4599pt.
<image/SequencialDiagramsImages/AlterarRelatórioMédico.png, id=375, 807.015pt
 x 548.80031pt>
File: image/SequencialDiagramsImages/AlterarRelatórioMédico.png Graphic file 
(type png)
<use image/SequencialDiagramsImages/AlterarRelatórioMédico.png>
Package pdftex.def Info: image/SequencialDiagramsImages/AlterarRelatórioMédic
o.png  used on input line 1078.
(pdftex.def)             Requested size: 318.66948pt x 216.70256pt.

Underfull \vbox (badness 10000) has occurred while \output is active []

 [26 <./image/SequencialDiagramsImages/Passar_justificação.png> <./image/Sequ
encialDiagramsImages/CriarReceita.png>]
<image/SequencialDiagramsImages/Consultar_relatorio.png, id=381, 727.96968pt x 
444.91219pt>
File: image/SequencialDiagramsImages/Consultar_relatorio.png Graphic file (type
 png)
<use image/SequencialDiagramsImages/Consultar_relatorio.png>
Package pdftex.def Info: image/SequencialDiagramsImages/Consultar_relatorio.png
  used on input line 1092.
(pdftex.def)             Requested size: 318.66948pt x 194.764pt.
<image/SequencialDiagramsImages/Consultar_ficha_utente.png, id=382, 822.07124pt
 x 264.23718pt>
File: image/SequencialDiagramsImages/Consultar_ficha_utente.png Graphic file (t
ype png)
<use image/SequencialDiagramsImages/Consultar_ficha_utente.png>
Package pdftex.def Info: image/SequencialDiagramsImages/Consultar_ficha_utente.
png  used on input line 1103.
(pdftex.def)             Requested size: 318.66948pt x 102.42712pt.

Underfull \vbox (badness 5711) has occurred while \output is active []

 [27 <./image/SequencialDiagramsImages/AlterarRelatórioMédico.png> <./image/S
equencialDiagramsImages/Consultar_relatorio.png>]
<image/SequencialDiagramsImages/AdicionarExame.png, id=387, 759.58781pt x 606.0
1407pt>
File: image/SequencialDiagramsImages/AdicionarExame.png Graphic file (type png)

<use image/SequencialDiagramsImages/AdicionarExame.png>
Package pdftex.def Info: image/SequencialDiagramsImages/AdicionarExame.png  use
d on input line 1115.
(pdftex.def)             Requested size: 318.66948pt x 254.24677pt.
<image/SequencialDiagramsImages/AdministrarMedicação.png, id=388, 916.1728pt 
x 388.45125pt>
File: image/SequencialDiagramsImages/AdministrarMedicação.png Graphic file (t
ype png)
<use image/SequencialDiagramsImages/AdministrarMedicação.png>
Package pdftex.def Info: image/SequencialDiagramsImages/AdministrarMedicação.
png  used on input line 1127.
(pdftex.def)             Requested size: 318.66948pt x 135.11237pt.

Underfull \vbox (badness 10000) has occurred while \output is active []

 [28 <./image/SequencialDiagramsImages/Consultar_ficha_utente.png> <./image/Seq
uencialDiagramsImages/AdicionarExame.png>] [29 <./image/SequencialDiagramsImage
s/AdministrarMedicação.png>]
Cap\'{\i }tulo 7.

Overfull \hbox (6.25032pt too wide) in paragraph at lines 1158--1159
[]\OT1/cmr/m/n/10.95 consulta ($[]$, $[]$, re-la-to-rio[]-con-sulta, fun-ci-o-n
a-rio[]-nu-mero, aviso[]-con-sulta, hora,
 []

[30

]
Cap\'{\i }tulo 8.
<image/model.png, id=403, 904.37875pt x 690.58pt>
File: image/model.png Graphic file (type png)
<use image/model.png>
Package pdftex.def Info: image/model.png  used on input line 1186.
(pdftex.def)             Requested size: 364.19667pt x 278.09222pt.
[31

 <./image/model.png>] [32]
Cap\'{\i }tulo 9.
[33

]
<image/login.png, id=422, 1304.875pt x 777.90625pt>
File: image/login.png Graphic file (type png)
<use image/login.png>
Package pdftex.def Info: image/login.png  used on input line 1251.
(pdftex.def)             Requested size: 364.19667pt x 217.11194pt.
 [34 <./image/login.png>]
<image/PyClinic_edit.png, id=430, 1373.13pt x 745.78625pt>
File: image/PyClinic_edit.png Graphic file (type png)
<use image/PyClinic_edit.png>
Package pdftex.def Info: image/PyClinic_edit.png  used on input line 1265.
(pdftex.def)             Requested size: 364.19667pt x 197.80312pt.
 [35 <./image/PyClinic_edit.png>]
Cap\'{\i }tulo 10.
(./report.bbl [36

])
Package atveryend Info: Empty hook `BeforeClearDocument' on input line 1301.
 [37

]
Package atveryend Info: Empty hook `AfterLastShipout' on input line 1301.
 (./report.aux)
Package atveryend Info: Executing hook `AtVeryEndDocument' on input line 1301.
Package atveryend Info: Empty hook `AtEndAfterFileList' on input line 1301.
Package atveryend Info: Empty hook `AtVeryVeryEnd' on input line 1301.
 ) 
Here is how much of TeX's memory you used:
 9883 strings out of 482531
 157537 string characters out of 5951309
 432687 words of memory out of 5000000
 25201 multiletter control sequences out of 15000+600000
 539446 words of font info for 47 fonts, out of 8000000 for 9000
 16 hyphenation exceptions out of 8191
 48i,13n,46p,689b,515s stack positions out of 5000i,500n,10000p,200000b,80000s
{/usr/share/texlive/texmf-dist/fonts/enc/dvips/cm-super/cm-super-ts1.enc}</us
r/share/texlive/texmf-dist/fonts/type1/public/amsfonts/cm/cmbx10.pfb></usr/shar
e/texlive/texmf-dist/fonts/type1/public/amsfonts/cm/cmbx12.pfb></usr/share/texl
ive/texmf-dist/fonts/type1/public/amsfonts/cm/cmr10.pfb></usr/share/texlive/tex
mf-dist/fonts/type1/public/amsfonts/cm/cmr8.pfb></usr/share/texlive/texmf-dist/
fonts/type1/public/amsfonts/cm/cmr9.pfb></usr/share/texlive/texmf-dist/fonts/ty
pe1/public/amsfonts/cm/cmti10.pfb></usr/share/texlive/texmf-dist/fonts/type1/pu
blic/cm-super/sfbx1095.pfb></usr/share/texlive/texmf-dist/fonts/type1/public/cm
-super/sfrm1095.pfb>
Output written on report.pdf (42 pages, 1352104 bytes).
PDF statistics:
 687 PDF objects out of 1000 (max. 8388607)
 583 compressed objects within 6 object streams
 146 named destinations out of 1000 (max. 500000)
 628 words of extra memory for PDF output out of 10000 (max. 10000000)

